<?xml version="1.0" encoding="UTF-8"?>
<testsuite name="yo como usuario de rapicredit" tests="3" skipped="0" failures="0" errors="0" timestamp="2023-12-19T14:23:34" hostname="PSOFKA0887" time="142.289">
  <properties/>
  <testcase name="Ingresar al login unificado desde el enlace de Tyc en el onboarding de Rapiplazo" classname="yo como usuario de rapicredit" time="55.596"/>
  <testcase name="Ingresar al login unificado desde el enlace de la politica de protección de datos en el onboarding de Rapiplazo" classname="yo como usuario de rapicredit" time="44.052"/>
  <testcase name="Ingresar al login unificado desde el enlace de autorización de datos en el onboarding de Rapiplazo" classname="yo como usuario de rapicredit" time="42.641"/>
  <system-out><![CDATA[]]></system-out>
  <system-err><![CDATA[Starting ChromeDriver 120.0.6099.71 (9729082fe6174c0a371fc66501f5efc5d69d3d2b-refs/branch-heads/6099_56@{#13}) on port 56682
Only local connections are allowed.
Please see https://chromedriver.chromium.org/security-considerations for suggestions on keeping ChromeDriver safe.
ChromeDriver was started successfully.
dic 19, 2023 9:23:38 AM org.openqa.selenium.remote.ProtocolHandshake createSession
INFORMACIÓN: Detected dialect: W3C
Starting ChromeDriver 120.0.6099.71 (9729082fe6174c0a371fc66501f5efc5d69d3d2b-refs/branch-heads/6099_56@{#13}) on port 15979
Only local connections are allowed.
Please see https://chromedriver.chromium.org/security-considerations for suggestions on keeping ChromeDriver safe.
ChromeDriver was started successfully.
dic 19, 2023 9:24:31 AM org.openqa.selenium.remote.ProtocolHandshake createSession
INFORMACIÓN: Detected dialect: W3C
Starting ChromeDriver 120.0.6099.71 (9729082fe6174c0a371fc66501f5efc5d69d3d2b-refs/branch-heads/6099_56@{#13}) on port 20792
Only local connections are allowed.
Please see https://chromedriver.chromium.org/security-considerations for suggestions on keeping ChromeDriver safe.
ChromeDriver was started successfully.
dic 19, 2023 9:25:15 AM org.openqa.selenium.remote.ProtocolHandshake createSession
INFORMACIÓN: Detected dialect: W3C
]]></system-err>
</testsuite>
