<?xml version="1.0" encoding="UTF-8"?>
<testsuite name="Yo como usuario administrativo de rapicredit" tests="1" skipped="0" failures="0" errors="0" timestamp="2023-12-19T20:30:23" hostname="PSOFKA0887" time="30.901">
  <properties/>
  <testcase name="Autenticación de usuario administrativo" classname="Yo como usuario administrativo de rapicredit" time="30.901"/>
  <system-out><![CDATA[]]></system-out>
  <system-err><![CDATA[Starting ChromeDriver 120.0.6099.71 (9729082fe6174c0a371fc66501f5efc5d69d3d2b-refs/branch-heads/6099_56@{#13}) on port 34182
Only local connections are allowed.
Please see https://chromedriver.chromium.org/security-considerations for suggestions on keeping ChromeDriver safe.
ChromeDriver was started successfully.
dic 19, 2023 3:30:27 PM org.openqa.selenium.remote.ProtocolHandshake createSession
INFORMACIÓN: Detected dialect: W3C
]]></system-err>
</testsuite>
