<?xml version="1.0" encoding="UTF-8"?>
<testsuite name="Yo como usuario de rapicredit" tests="2" skipped="0" failures="0" errors="0" timestamp="2023-12-19T14:27:12" hostname="PSOFKA0887" time="49.811">
  <properties/>
  <testcase name="Autenticación de usuario con credito activo" classname="Yo como usuario de rapicredit" time="25.077"/>
  <testcase name="Autenticación fallida de usuario con credito activo" classname="Yo como usuario de rapicredit" time="24.734"/>
  <system-out><![CDATA[]]></system-out>
  <system-err><![CDATA[Starting ChromeDriver 120.0.6099.71 (9729082fe6174c0a371fc66501f5efc5d69d3d2b-refs/branch-heads/6099_56@{#13}) on port 37610
Only local connections are allowed.
Please see https://chromedriver.chromium.org/security-considerations for suggestions on keeping ChromeDriver safe.
ChromeDriver was started successfully.
dic 19, 2023 9:27:14 AM org.openqa.selenium.remote.ProtocolHandshake createSession
INFORMACIÓN: Detected dialect: W3C
Starting ChromeDriver 120.0.6099.71 (9729082fe6174c0a371fc66501f5efc5d69d3d2b-refs/branch-heads/6099_56@{#13}) on port 41881
Only local connections are allowed.
Please see https://chromedriver.chromium.org/security-considerations for suggestions on keeping ChromeDriver safe.
ChromeDriver was started successfully.
dic 19, 2023 9:27:38 AM org.openqa.selenium.remote.ProtocolHandshake createSession
INFORMACIÓN: Detected dialect: W3C
]]></system-err>
</testsuite>
