<?xml version="1.0" encoding="UTF-8"?>
<testsuite name="Yo como usuario de rapicredit" tests="1" skipped="0" failures="1" errors="0" timestamp="2024-02-05T23:38:53" hostname="PSOFKA0887" time="162.851">
  <properties/>
  <testcase name="crear una solicitud exitosa en rapiplazo e iniciar sesión" classname="Yo como usuario de rapicredit" time="162.851">
    <failure message="org.openqa.selenium.NoSuchElementException: no such element: Unable to locate element: {&quot;method&quot;:&quot;xpath&quot;,&quot;selector&quot;:&quot;/html/body/div[5]/div[2]/div/div/div/button[2]&quot;}&#10;  (Session info: chrome=121.0.6167.140)&#10;For documentation on this error, please visit: https://www.seleniumhq.org/exceptions/no_such_element.html&#10;Build info: version: '3.141.59', revision: 'e82be7d358', time: '2018-11-14T08:17:03'&#10;System info: host: 'PSOFKA0887', ip: '192.168.0.106', os.name: 'Windows 11', os.arch: 'amd64', os.version: '10.0', java.version: '1.8.0_342'&#10;Driver info: org.openqa.selenium.chrome.ChromeDriver&#10;Capabilities {acceptInsecureCerts: false, browserName: chrome, browserVersion: 121.0.6167.140, chrome: {chromedriverVersion: 120.0.6099.71 (9729082fe617..., userDataDir: C:\Users\ROBERT~1.ARO\AppDa...}, fedcm:accounts: true, goog:chromeOptions: {debuggerAddress: localhost:63772}, javascriptEnabled: true, networkConnectionEnabled: false, pageLoadStrategy: normal, platform: WINDOWS, platformName: WINDOWS, proxy: Proxy(), setWindowRect: true, strictFileInteractability: false, timeouts: {implicit: 0, pageLoad: 300000, script: 30000}, unhandledPromptBehavior: dismiss and notify, webauthn:extension:credBlob: true, webauthn:extension:largeBlob: true, webauthn:extension:minPinLength: true, webauthn:extension:prf: true, webauthn:virtualAuthenticators: true}&#10;Session ID: eee98d61e507cb07ee018f353553c5e1&#10;*** Element info: {Using=xpath, value=/html/body/div[5]/div[2]/div/div/div/button[2]}" type="org.openqa.selenium.NoSuchElementException">org.openqa.selenium.NoSuchElementException: no such element: Unable to locate element: {&quot;method&quot;:&quot;xpath&quot;,&quot;selector&quot;:&quot;/html/body/div[5]/div[2]/div/div/div/button[2]&quot;}
  (Session info: chrome=121.0.6167.140)
For documentation on this error, please visit: https://www.seleniumhq.org/exceptions/no_such_element.html
Build info: version: '3.141.59', revision: 'e82be7d358', time: '2018-11-14T08:17:03'
System info: host: 'PSOFKA0887', ip: '192.168.0.106', os.name: 'Windows 11', os.arch: 'amd64', os.version: '10.0', java.version: '1.8.0_342'
Driver info: org.openqa.selenium.chrome.ChromeDriver
Capabilities {acceptInsecureCerts: false, browserName: chrome, browserVersion: 121.0.6167.140, chrome: {chromedriverVersion: 120.0.6099.71 (9729082fe617..., userDataDir: C:\Users\ROBERT~1.ARO\AppDa...}, fedcm:accounts: true, goog:chromeOptions: {debuggerAddress: localhost:63772}, javascriptEnabled: true, networkConnectionEnabled: false, pageLoadStrategy: normal, platform: WINDOWS, platformName: WINDOWS, proxy: Proxy(), setWindowRect: true, strictFileInteractability: false, timeouts: {implicit: 0, pageLoad: 300000, script: 30000}, unhandledPromptBehavior: dismiss and notify, webauthn:extension:credBlob: true, webauthn:extension:largeBlob: true, webauthn:extension:minPinLength: true, webauthn:extension:prf: true, webauthn:virtualAuthenticators: true}
Session ID: eee98d61e507cb07ee018f353553c5e1
*** Element info: {Using=xpath, value=/html/body/div[5]/div[2]/div/div/div/button[2]}
	at sun.reflect.NativeConstructorAccessorImpl.newInstance0(Native Method)
	at sun.reflect.NativeConstructorAccessorImpl.newInstance(NativeConstructorAccessorImpl.java:62)
	at sun.reflect.DelegatingConstructorAccessorImpl.newInstance(DelegatingConstructorAccessorImpl.java:45)
	at java.lang.reflect.Constructor.newInstance(Constructor.java:423)
	at org.openqa.selenium.remote.http.W3CHttpResponseCodec.createException(W3CHttpResponseCodec.java:187)
	at org.openqa.selenium.remote.http.W3CHttpResponseCodec.decode(W3CHttpResponseCodec.java:122)
	at org.openqa.selenium.remote.http.W3CHttpResponseCodec.decode(W3CHttpResponseCodec.java:49)
	at org.openqa.selenium.remote.HttpCommandExecutor.execute(HttpCommandExecutor.java:158)
	at org.openqa.selenium.remote.service.DriverCommandExecutor.execute(DriverCommandExecutor.java:83)
	at org.openqa.selenium.remote.RemoteWebDriver.execute(RemoteWebDriver.java:552)
	at org.openqa.selenium.remote.RemoteWebDriver.findElement(RemoteWebDriver.java:323)
	at org.openqa.selenium.remote.RemoteWebDriver.findElementByXPath(RemoteWebDriver.java:428)
	at org.openqa.selenium.By$ByXPath.findElement(By.java:353)
	at org.openqa.selenium.remote.RemoteWebDriver.findElement(RemoteWebDriver.java:315)
	at net.thucydides.core.webdriver.WebDriverFacade.findElement(WebDriverFacade.java:222)
	at net.serenitybdd.core.pages.WebElementResolverByLocator.resolveForDriver(WebElementResolverByLocator.java:25)
	at net.serenitybdd.core.pages.WebElementFacadeImpl.getResolvedELement(WebElementFacadeImpl.java:234)
	at net.serenitybdd.core.pages.WebElementFacadeImpl.getElement(WebElementFacadeImpl.java:229)
	at net.thucydides.core.webdriver.javascript.JavascriptExecutorFacade.webElementOrPrimitiveTypeOf(JavascriptExecutorFacade.java:88)
	at net.thucydides.core.webdriver.javascript.JavascriptExecutorFacade.lambda$extractedWebElementsAndPrimitiveTypesFrom$0(JavascriptExecutorFacade.java:82)
	at java.util.stream.ReferencePipeline$3$1.accept(ReferencePipeline.java:193)
	at java.util.Spliterators$ArraySpliterator.forEachRemaining(Spliterators.java:948)
	at java.util.stream.AbstractPipeline.copyInto(AbstractPipeline.java:482)
	at java.util.stream.AbstractPipeline.wrapAndCopyInto(AbstractPipeline.java:472)
	at java.util.stream.ReduceOps$ReduceOp.evaluateSequential(ReduceOps.java:708)
	at java.util.stream.AbstractPipeline.evaluate(AbstractPipeline.java:234)
	at java.util.stream.ReferencePipeline.collect(ReferencePipeline.java:566)
	at net.thucydides.core.webdriver.javascript.JavascriptExecutorFacade.extractedWebElementsAndPrimitiveTypesFrom(JavascriptExecutorFacade.java:83)
	at net.thucydides.core.webdriver.javascript.JavascriptExecutorFacade.executeScript(JavascriptExecutorFacade.java:71)
	at net.serenitybdd.core.pages.PageObject.evaluateJavascript(PageObject.java:1204)
	at net.serenitybdd.screenplay.actions.ScrollTo.performScrollTo(ScrollTo.java:23)
	at net.serenitybdd.screenplay.actions.ScrollToTarget.performAs(ScrollToTarget.java:14)
	at net.serenitybdd.screenplay.Actor.performTask(Actor.java:248)
	at net.serenitybdd.screenplay.Actor.perform(Actor.java:229)
	at net.serenitybdd.screenplay.Actor.performWithoutReporting(Actor.java:213)
	at net.serenitybdd.screenplay.Actor.attemptsTo(Actor.java:173)
	at co.com.rapicredit.tasks.onboardingRP.CerrarSesión.performAs(CerrarSesión.java:15)
	at co.com.rapicredit.tasks.onboardingRP.CerrarSesión$ByteBuddy$louwL8HM.performAs$accessor$9k8UAXcO(Unknown Source)
	at sun.reflect.NativeMethodAccessorImpl.invoke0(Native Method)
	at sun.reflect.NativeMethodAccessorImpl.invoke(NativeMethodAccessorImpl.java:62)
	at sun.reflect.DelegatingMethodAccessorImpl.invoke(DelegatingMethodAccessorImpl.java:43)
	at java.lang.reflect.Method.invoke(Method.java:498)
	at net.thucydides.core.steps.StepInterceptor.invokeMethod(StepInterceptor.java:494)
	at net.thucydides.core.steps.StepInterceptor.executeTestStepMethod(StepInterceptor.java:474)
	at net.thucydides.core.steps.StepInterceptor.runTestStep(StepInterceptor.java:447)
	at net.thucydides.core.steps.StepInterceptor.runOrSkipMethod(StepInterceptor.java:203)
	at net.thucydides.core.steps.StepInterceptor.testStepResult(StepInterceptor.java:190)
	at net.thucydides.core.steps.StepInterceptor.intercept(StepInterceptor.java:78)
	at net.thucydides.core.steps.ProxyConfiguration$InterceptorDispatcher.intercept(ProxyConfiguration.java:51)
	at co.com.rapicredit.tasks.onboardingRP.CerrarSesión$ByteBuddy$louwL8HM.performAs(Unknown Source)
	at net.serenitybdd.screenplay.Actor.performTask(Actor.java:248)
	at net.serenitybdd.screenplay.Actor.perform(Actor.java:229)
	at net.serenitybdd.screenplay.Actor.attemptsTo(Actor.java:175)
	at co.com.rapicredit.stepDefinitions.crearCuentayhacerLogin.CrearCuentayHacerLoginStepDefinitions.que_realizo_una_solicitud_exitosa_en_el_onboarding_de_rapiplazo(CrearCuentayHacerLoginStepDefinitions.java:82)
	at ✽.que realizo una solicitud exitosa en el onboarding de rapiplazo(file:///C:/Users/robert.aroca/IdeaProjects/co.com.Rapicredit/src/test/resources/features/crearCuentaRapiplazo/crearCuentaRPeIniciarSesión.feature:9)
</failure>
  </testcase>
  <system-out><![CDATA[]]></system-out>
  <system-err><![CDATA[Starting ChromeDriver 120.0.6099.71 (9729082fe6174c0a371fc66501f5efc5d69d3d2b-refs/branch-heads/6099_56@{#13}) on port 38664
Only local connections are allowed.
Please see https://chromedriver.chromium.org/security-considerations for suggestions on keeping ChromeDriver safe.
ChromeDriver was started successfully.
[1707176336.211][WARNING]: This version of ChromeDriver has not been tested with Chrome version 121.
feb 05, 2024 6:38:56 PM org.openqa.selenium.remote.ProtocolHandshake createSession
INFORMACIÓN: Detected dialect: W3C
]]></system-err>
</testsuite>
